21:38:20: Edge Data
21:38:20: ---------
21:38:20: Triangle 0 = {indexSet=0, vertexSet=0, v0=0, v1=1, v2=3}
21:38:20: Triangle 1 = {indexSet=0, vertexSet=0, v0=0, v1=3, v2=2}
21:38:20: Triangle 2 = {indexSet=0, vertexSet=0, v0=4, v1=5, v2=7}
21:38:20: Triangle 3 = {indexSet=0, vertexSet=0, v0=4, v1=7, v2=6}
21:38:20: Triangle 4 = {indexSet=0, vertexSet=0, v0=8, v1=9, v2=11}
21:38:20: Triangle 5 = {indexSet=0, vertexSet=0, v0=8, v1=11, v2=10}
21:38:20: Triangle 6 = {indexSet=0, vertexSet=0, v0=12, v1=13, v2=15}
21:38:20: Triangle 7 = {indexSet=0, vertexSet=0, v0=12, v1=15, v2=14}
21:38:20: Triangle 8 = {indexSet=0, vertexSet=0, v0=16, v1=19, v2=18}
21:38:20: Triangle 9 = {indexSet=0, vertexSet=0, v0=20, v1=21, v2=23}
21:38:20: Triangle 10 = {indexSet=0, vertexSet=0, v0=24, v1=25, v2=27}
21:38:20: Triangle 11 = {indexSet=0, vertexSet=0, v0=36, v1=37, v2=39}
21:38:20: Triangle 12 = {indexSet=0, vertexSet=0, v0=36, v1=39, v2=38}
21:38:20: Triangle 13 = {indexSet=0, vertexSet=0, v0=38, v1=39, v2=41}
21:38:20: Triangle 14 = {indexSet=0, vertexSet=0, v0=42, v1=43, v2=45}
21:38:20: Triangle 15 = {indexSet=0, vertexSet=0, v0=42, v1=45, v2=44}
21:38:20: Triangle 16 = {indexSet=0, vertexSet=0, v0=44, v1=45, v2=47}
21:38:20: Triangle 17 = {indexSet=0, vertexSet=0, v0=44, v1=47, v2=46}
21:38:20: Triangle 18 = {indexSet=0, vertexSet=0, v0=48, v1=51, v2=50}
21:38:20: Triangle 19 = {indexSet=0, vertexSet=0, v0=50, v1=51, v2=53}
21:38:20: Triangle 20 = {indexSet=0, vertexSet=0, v0=50, v1=53, v2=52}
21:38:20: Triangle 21 = {indexSet=0, vertexSet=0, v0=54, v1=55, v2=57}
21:38:20: Triangle 22 = {indexSet=0, vertexSet=0, v0=54, v1=57, v2=56}
21:38:20: Triangle 23 = {indexSet=0, vertexSet=0, v0=62, v1=65, v2=64}
21:38:20: Triangle 24 = {indexSet=0, vertexSet=0, v0=66, v1=67, v2=69}
21:38:20: Triangle 25 = {indexSet=0, vertexSet=0, v0=66, v1=69, v2=68}
21:38:20: Triangle 26 = {indexSet=0, vertexSet=0, v0=68, v1=69, v2=71}
21:38:20: Triangle 27 = {indexSet=0, vertexSet=0, v0=68, v1=71, v2=70}
21:38:20: Triangle 28 = {indexSet=0, vertexSet=0, v0=72, v1=73, v2=75}
21:38:20: Triangle 29 = {indexSet=0, vertexSet=0, v0=72, v1=75, v2=74}
21:38:20: Triangle 30 = {indexSet=0, vertexSet=0, v0=74, v1=75, v2=77}
21:38:20: Triangle 31 = {indexSet=0, vertexSet=0, v0=74, v1=77, v2=76}
21:38:20: Triangle 32 = {indexSet=0, vertexSet=0, v0=79, v1=80, v2=82}
21:38:20: Triangle 33 = {indexSet=0, vertexSet=0, v0=79, v1=82, v2=81}
21:38:20: Triangle 34 = {indexSet=0, vertexSet=0, v0=81, v1=84, v2=83}
21:38:20: Triangle 35 = {indexSet=0, vertexSet=0, v0=83, v1=84, v2=85}
21:38:20: Triangle 36 = {indexSet=0, vertexSet=0, v0=86, v1=87, v2=89}
21:38:20: Triangle 37 = {indexSet=0, vertexSet=0, v0=86, v1=89, v2=88}
21:38:20: Triangle 38 = {indexSet=0, vertexSet=0, v0=88, v1=89, v2=91}
21:38:20: Triangle 39 = {indexSet=0, vertexSet=0, v0=88, v1=91, v2=90}
21:38:20: Triangle 40 = {indexSet=0, vertexSet=0, v0=90, v1=91, v2=92}
21:38:20: Triangle 41 = {indexSet=0, vertexSet=0, v0=93, v1=94, v2=96}
21:38:20: Triangle 42 = {indexSet=0, vertexSet=0, v0=93, v1=96, v2=95}
21:38:20: Triangle 43 = {indexSet=0, vertexSet=0, v0=95, v1=96, v2=98}
21:38:20: Triangle 44 = {indexSet=0, vertexSet=0, v0=95, v1=98, v2=97}
21:38:20: Triangle 45 = {indexSet=0, vertexSet=0, v0=97, v1=98, v2=99}
21:38:20: Triangle 46 = {indexSet=0, vertexSet=0, v0=100, v1=101, v2=103}
21:38:20: Triangle 47 = {indexSet=0, vertexSet=0, v0=100, v1=103, v2=102}
21:38:20: Triangle 48 = {indexSet=0, vertexSet=0, v0=102, v1=103, v2=105}
21:38:20: Triangle 49 = {indexSet=0, vertexSet=0, v0=102, v1=105, v2=104}
21:38:20: Triangle 50 = {indexSet=0, vertexSet=0, v0=104, v1=105, v2=106}
21:38:20: Triangle 51 = {indexSet=0, vertexSet=0, v0=107, v1=110, v2=109}
21:38:20: Triangle 52 = {indexSet=0, vertexSet=0, v0=109, v1=110, v2=112}
21:38:20: Triangle 53 = {indexSet=0, vertexSet=0, v0=109, v1=112, v2=111}
21:38:20: Triangle 54 = {indexSet=0, vertexSet=0, v0=130, v1=133, v2=132}
21:38:20: Edge Group vertexSet=0
21:38:20: Edge 0 = {
  tri0=0, 
  tri1=4294967295, 
  v0=0, 
  v1=1, 
  degenerate=true 
}
21:38:20: Edge 1 = {
  tri0=0, 
  tri1=47, 
  v0=1, 
  v1=3, 
  degenerate=false 
}
21:38:20: Edge 2 = {
  tri0=0, 
  tri1=1, 
  v0=3, 
  v1=0, 
  degenerate=false 
}
21:38:20: Edge 3 = {
  tri0=1, 
  tri1=4294967295, 
  v0=3, 
  v1=2, 
  degenerate=true 
}
21:38:20: Edge 4 = {
  tri0=1, 
  tri1=4294967295, 
  v0=2, 
  v1=0, 
  degenerate=true 
}
21:38:20: Edge 5 = {
  tri0=2, 
  tri1=4294967295, 
  v0=4, 
  v1=5, 
  degenerate=true 
}
21:38:20: Edge 6 = {
  tri0=2, 
  tri1=4294967295, 
  v0=5, 
  v1=7, 
  degenerate=true 
}
21:38:20: Edge 7 = {
  tri0=2, 
  tri1=3, 
  v0=7, 
  v1=4, 
  degenerate=false 
}
21:38:20: Edge 8 = {
  tri0=3, 
  tri1=4294967295, 
  v0=7, 
  v1=6, 
  degenerate=true 
}
21:38:20: Edge 9 = {
  tri0=3, 
  tri1=4294967295, 
  v0=6, 
  v1=4, 
  degenerate=true 
}
21:38:20: Edge 10 = {
  tri0=4, 
  tri1=4294967295, 
  v0=8, 
  v1=9, 
  degenerate=true 
}
21:38:20: Edge 11 = {
  tri0=4, 
  tri1=4294967295, 
  v0=9, 
  v1=11, 
  degenerate=true 
}
21:38:20: Edge 12 = {
  tri0=4, 
  tri1=5, 
  v0=11, 
  v1=8, 
  degenerate=false 
}
21:38:20: Edge 13 = {
  tri0=5, 
  tri1=4294967295, 
  v0=11, 
  v1=10, 
  degenerate=true 
}
21:38:20: Edge 14 = {
  tri0=5, 
  tri1=4294967295, 
  v0=10, 
  v1=8, 
  degenerate=true 
}
21:38:20: Edge 15 = {
  tri0=6, 
  tri1=4294967295, 
  v0=12, 
  v1=13, 
  degenerate=true 
}
21:38:20: Edge 16 = {
  tri0=6, 
  tri1=4294967295, 
  v0=13, 
  v1=15, 
  degenerate=true 
}
21:38:20: Edge 17 = {
  tri0=6, 
  tri1=7, 
  v0=15, 
  v1=12, 
  degenerate=false 
}
21:38:20: Edge 18 = {
  tri0=7, 
  tri1=4294967295, 
  v0=15, 
  v1=14, 
  degenerate=true 
}
21:38:20: Edge 19 = {
  tri0=7, 
  tri1=4294967295, 
  v0=14, 
  v1=12, 
  degenerate=true 
}
21:38:20: Edge 20 = {
  tri0=8, 
  tri1=4294967295, 
  v0=16, 
  v1=19, 
  degenerate=true 
}
21:38:20: Edge 21 = {
  tri0=8, 
  tri1=4294967295, 
  v0=19, 
  v1=18, 
  degenerate=true 
}
21:38:20: Edge 22 = {
  tri0=8, 
  tri1=4294967295, 
  v0=18, 
  v1=16, 
  degenerate=true 
}
21:38:20: Edge 23 = {
  tri0=9, 
  tri1=4294967295, 
  v0=20, 
  v1=21, 
  degenerate=true 
}
21:38:20: Edge 24 = {
  tri0=9, 
  tri1=4294967295, 
  v0=21, 
  v1=23, 
  degenerate=true 
}
21:38:20: Edge 25 = {
  tri0=9, 
  tri1=4294967295, 
  v0=23, 
  v1=20, 
  degenerate=true 
}
21:38:20: Edge 26 = {
  tri0=10, 
  tri1=4294967295, 
  v0=24, 
  v1=25, 
  degenerate=true 
}
21:38:20: Edge 27 = {
  tri0=10, 
  tri1=4294967295, 
  v0=25, 
  v1=27, 
  degenerate=true 
}
21:38:20: Edge 28 = {
  tri0=10, 
  tri1=4294967295, 
  v0=27, 
  v1=24, 
  degenerate=true 
}
21:38:20: Edge 29 = {
  tri0=11, 
  tri1=4294967295, 
  v0=36, 
  v1=37, 
  degenerate=true 
}
21:38:20: Edge 30 = {
  tri0=11, 
  tri1=4294967295, 
  v0=37, 
  v1=39, 
  degenerate=true 
}
21:38:20: Edge 31 = {
  tri0=11, 
  tri1=12, 
  v0=39, 
  v1=36, 
  degenerate=false 
}
21:38:20: Edge 32 = {
  tri0=12, 
  tri1=13, 
  v0=39, 
  v1=38, 
  degenerate=false 
}
21:38:20: Edge 33 = {
  tri0=12, 
  tri1=4294967295, 
  v0=38, 
  v1=36, 
  degenerate=true 
}
21:38:20: Edge 34 = {
  tri0=13, 
  tri1=4294967295, 
  v0=39, 
  v1=41, 
  degenerate=true 
}
21:38:20: Edge 35 = {
  tri0=13, 
  tri1=4294967295, 
  v0=41, 
  v1=38, 
  degenerate=true 
}
21:38:20: Edge 36 = {
  tri0=14, 
  tri1=4294967295, 
  v0=42, 
  v1=43, 
  degenerate=true 
}
21:38:20: Edge 37 = {
  tri0=14, 
  tri1=4294967295, 
  v0=43, 
  v1=45, 
  degenerate=true 
}
21:38:20: Edge 38 = {
  tri0=14, 
  tri1=15, 
  v0=45, 
  v1=42, 
  degenerate=false 
}
21:38:20: Edge 39 = {
  tri0=15, 
  tri1=16, 
  v0=45, 
  v1=44, 
  degenerate=false 
}
21:38:20: Edge 40 = {
  tri0=15, 
  tri1=4294967295, 
  v0=44, 
  v1=42, 
  degenerate=true 
}
21:38:20: Edge 41 = {
  tri0=16, 
  tri1=4294967295, 
  v0=45, 
  v1=47, 
  degenerate=true 
}
21:38:20: Edge 42 = {
  tri0=16, 
  tri1=17, 
  v0=47, 
  v1=44, 
  degenerate=false 
}
21:38:20: Edge 43 = {
  tri0=17, 
  tri1=4294967295, 
  v0=47, 
  v1=46, 
  degenerate=true 
}
21:38:20: Edge 44 = {
  tri0=17, 
  tri1=4294967295, 
  v0=46, 
  v1=44, 
  degenerate=true 
}
21:38:20: Edge 45 = {
  tri0=18, 
  tri1=4294967295, 
  v0=48, 
  v1=51, 
  degenerate=true 
}
21:38:20: Edge 46 = {
  tri0=18, 
  tri1=19, 
  v0=51, 
  v1=50, 
  degenerate=false 
}
21:38:20: Edge 47 = {
  tri0=18, 
  tri1=4294967295, 
  v0=50, 
  v1=48, 
  degenerate=true 
}
21:38:20: Edge 48 = {
  tri0=19, 
  tri1=20, 
  v0=51, 
  v1=53, 
  degenerate=false 
}
21:38:20: Edge 49 = {
  tri0=19, 
  tri1=20, 
  v0=53, 
  v1=50, 
  degenerate=false 
}
21:38:20: Edge 50 = {
  tri0=20, 
  tri1=4294967295, 
  v0=52, 
  v1=50, 
  degenerate=true 
}
21:38:20: Edge 51 = {
  tri0=21, 
  tri1=22, 
  v0=54, 
  v1=55, 
  degenerate=false 
}
21:38:20: Edge 52 = {
  tri0=21, 
  tri1=22, 
  v0=55, 
  v1=57, 
  degenerate=false 
}
21:38:20: Edge 53 = {
  tri0=21, 
  tri1=22, 
  v0=57, 
  v1=54, 
  degenerate=false 
}
21:38:20: Edge 54 = {
  tri0=23, 
  tri1=4294967295, 
  v0=62, 
  v1=65, 
  degenerate=true 
}
21:38:20: Edge 55 = {
  tri0=23, 
  tri1=4294967295, 
  v0=65, 
  v1=64, 
  degenerate=true 
}
21:38:20: Edge 56 = {
  tri0=23, 
  tri1=4294967295, 
  v0=64, 
  v1=62, 
  degenerate=true 
}
21:38:20: Edge 57 = {
  tri0=24, 
  tri1=4294967295, 
  v0=66, 
  v1=67, 
  degenerate=true 
}
21:38:20: Edge 58 = {
  tri0=24, 
  tri1=4294967295, 
  v0=67, 
  v1=69, 
  degenerate=true 
}
21:38:20: Edge 59 = {
  tri0=24, 
  tri1=25, 
  v0=69, 
  v1=66, 
  degenerate=false 
}
21:38:20: Edge 60 = {
  tri0=25, 
  tri1=26, 
  v0=69, 
  v1=68, 
  degenerate=false 
}
21:38:20: Edge 61 = {
  tri0=25, 
  tri1=4294967295, 
  v0=68, 
  v1=66, 
  degenerate=true 
}
21:38:20: Edge 62 = {
  tri0=26, 
  tri1=27, 
  v0=69, 
  v1=71, 
  degenerate=false 
}
21:38:20: Edge 63 = {
  tri0=26, 
  tri1=27, 
  v0=71, 
  v1=68, 
  degenerate=false 
}
21:38:20: Edge 64 = {
  tri0=27, 
  tri1=4294967295, 
  v0=70, 
  v1=68, 
  degenerate=true 
}
21:38:20: Edge 65 = {
  tri0=28, 
  tri1=4294967295, 
  v0=72, 
  v1=73, 
  degenerate=true 
}
21:38:20: Edge 66 = {
  tri0=28, 
  tri1=4294967295, 
  v0=73, 
  v1=75, 
  degenerate=true 
}
21:38:20: Edge 67 = {
  tri0=28, 
  tri1=29, 
  v0=75, 
  v1=72, 
  degenerate=false 
}
21:38:20: Edge 68 = {
  tri0=29, 
  tri1=30, 
  v0=75, 
  v1=74, 
  degenerate=false 
}
21:38:20: Edge 69 = {
  tri0=29, 
  tri1=4294967295, 
  v0=74, 
  v1=72, 
  degenerate=true 
}
21:38:20: Edge 70 = {
  tri0=30, 
  tri1=4294967295, 
  v0=75, 
  v1=77, 
  degenerate=true 
}
21:38:20: Edge 71 = {
  tri0=30, 
  tri1=31, 
  v0=77, 
  v1=74, 
  degenerate=false 
}
21:38:20: Edge 72 = {
  tri0=31, 
  tri1=4294967295, 
  v0=77, 
  v1=76, 
  degenerate=true 
}
21:38:20: Edge 73 = {
  tri0=31, 
  tri1=4294967295, 
  v0=76, 
  v1=74, 
  degenerate=true 
}
21:38:20: Edge 74 = {
  tri0=32, 
  tri1=33, 
  v0=79, 
  v1=80, 
  degenerate=false 
}
21:38:20: Edge 75 = {
  tri0=32, 
  tri1=33, 
  v0=80, 
  v1=82, 
  degenerate=false 
}
21:38:20: Edge 76 = {
  tri0=32, 
  tri1=33, 
  v0=82, 
  v1=79, 
  degenerate=false 
}
21:38:20: Edge 77 = {
  tri0=34, 
  tri1=4294967295, 
  v0=81, 
  v1=84, 
  degenerate=true 
}
21:38:20: Edge 78 = {
  tri0=34, 
  tri1=35, 
  v0=84, 
  v1=83, 
  degenerate=false 
}
21:38:20: Edge 79 = {
  tri0=34, 
  tri1=4294967295, 
  v0=83, 
  v1=81, 
  degenerate=true 
}
21:38:20: Edge 80 = {
  tri0=35, 
  tri1=4294967295, 
  v0=84, 
  v1=85, 
  degenerate=true 
}
21:38:20: Edge 81 = {
  tri0=35, 
  tri1=4294967295, 
  v0=85, 
  v1=83, 
  degenerate=true 
}
21:38:20: Edge 82 = {
  tri0=36, 
  tri1=4294967295, 
  v0=86, 
  v1=87, 
  degenerate=true 
}
21:38:20: Edge 83 = {
  tri0=36, 
  tri1=4294967295, 
  v0=87, 
  v1=89, 
  degenerate=true 
}
21:38:20: Edge 84 = {
  tri0=36, 
  tri1=37, 
  v0=89, 
  v1=86, 
  degenerate=false 
}
21:38:20: Edge 85 = {
  tri0=37, 
  tri1=38, 
  v0=89, 
  v1=88, 
  degenerate=false 
}
21:38:20: Edge 86 = {
  tri0=37, 
  tri1=4294967295, 
  v0=88, 
  v1=86, 
  degenerate=true 
}
21:38:20: Edge 87 = {
  tri0=38, 
  tri1=4294967295, 
  v0=89, 
  v1=91, 
  degenerate=true 
}
21:38:20: Edge 88 = {
  tri0=38, 
  tri1=39, 
  v0=91, 
  v1=88, 
  degenerate=false 
}
21:38:20: Edge 89 = {
  tri0=39, 
  tri1=40, 
  v0=91, 
  v1=90, 
  degenerate=false 
}
21:38:20: Edge 90 = {
  tri0=39, 
  tri1=4294967295, 
  v0=90, 
  v1=88, 
  degenerate=true 
}
21:38:20: Edge 91 = {
  tri0=40, 
  tri1=4294967295, 
  v0=91, 
  v1=92, 
  degenerate=true 
}
21:38:20: Edge 92 = {
  tri0=40, 
  tri1=4294967295, 
  v0=92, 
  v1=90, 
  degenerate=true 
}
21:38:20: Edge 93 = {
  tri0=41, 
  tri1=4294967295, 
  v0=93, 
  v1=94, 
  degenerate=true 
}
21:38:20: Edge 94 = {
  tri0=41, 
  tri1=4294967295, 
  v0=94, 
  v1=96, 
  degenerate=true 
}
21:38:20: Edge 95 = {
  tri0=41, 
  tri1=42, 
  v0=96, 
  v1=93, 
  degenerate=false 
}
21:38:20: Edge 96 = {
  tri0=42, 
  tri1=43, 
  v0=96, 
  v1=95, 
  degenerate=false 
}
21:38:20: Edge 97 = {
  tri0=42, 
  tri1=4294967295, 
  v0=95, 
  v1=93, 
  degenerate=true 
}
21:38:20: Edge 98 = {
  tri0=43, 
  tri1=4294967295, 
  v0=96, 
  v1=98, 
  degenerate=true 
}
21:38:20: Edge 99 = {
  tri0=43, 
  tri1=44, 
  v0=98, 
  v1=95, 
  degenerate=false 
}
21:38:20: Edge 100 = {
  tri0=44, 
  tri1=45, 
  v0=98, 
  v1=97, 
  degenerate=false 
}
21:38:20: Edge 101 = {
  tri0=44, 
  tri1=4294967295, 
  v0=97, 
  v1=95, 
  degenerate=true 
}
21:38:20: Edge 102 = {
  tri0=45, 
  tri1=4294967295, 
  v0=98, 
  v1=99, 
  degenerate=true 
}
21:38:20: Edge 103 = {
  tri0=45, 
  tri1=4294967295, 
  v0=99, 
  v1=97, 
  degenerate=true 
}
21:38:20: Edge 104 = {
  tri0=46, 
  tri1=4294967295, 
  v0=100, 
  v1=101, 
  degenerate=true 
}
21:38:20: Edge 105 = {
  tri0=46, 
  tri1=4294967295, 
  v0=101, 
  v1=103, 
  degenerate=true 
}
21:38:20: Edge 106 = {
  tri0=46, 
  tri1=47, 
  v0=103, 
  v1=100, 
  degenerate=false 
}
21:38:20: Edge 107 = {
  tri0=47, 
  tri1=48, 
  v0=103, 
  v1=102, 
  degenerate=false 
}
21:38:20: Edge 108 = {
  tri0=48, 
  tri1=49, 
  v0=103, 
  v1=105, 
  degenerate=false 
}
21:38:20: Edge 109 = {
  tri0=48, 
  tri1=49, 
  v0=105, 
  v1=102, 
  degenerate=false 
}
21:38:20: Edge 110 = {
  tri0=49, 
  tri1=4294967295, 
  v0=104, 
  v1=102, 
  degenerate=true 
}
21:38:20: Edge 111 = {
  tri0=50, 
  tri1=4294967295, 
  v0=104, 
  v1=105, 
  degenerate=true 
}
21:38:20: Edge 112 = {
  tri0=50, 
  tri1=4294967295, 
  v0=105, 
  v1=106, 
  degenerate=true 
}
21:38:20: Edge 113 = {
  tri0=50, 
  tri1=4294967295, 
  v0=106, 
  v1=104, 
  degenerate=true 
}
21:38:20: Edge 114 = {
  tri0=51, 
  tri1=52, 
  v0=107, 
  v1=110, 
  degenerate=false 
}
21:38:20: Edge 115 = {
  tri0=51, 
  tri1=52, 
  v0=110, 
  v1=109, 
  degenerate=false 
}
21:38:20: Edge 116 = {
  tri0=51, 
  tri1=52, 
  v0=109, 
  v1=107, 
  degenerate=false 
}
21:38:20: Edge 117 = {
  tri0=53, 
  tri1=4294967295, 
  v0=109, 
  v1=112, 
  degenerate=true 
}
21:38:20: Edge 118 = {
  tri0=53, 
  tri1=54, 
  v0=112, 
  v1=111, 
  degenerate=false 
}
21:38:20: Edge 119 = {
  tri0=53, 
  tri1=4294967295, 
  v0=111, 
  v1=109, 
  degenerate=true 
}
21:38:20: Edge 120 = {
  tri0=54, 
  tri1=4294967295, 
  v0=130, 
  v1=133, 
  degenerate=true 
}
21:38:20: Edge 121 = {
  tri0=54, 
  tri1=4294967295, 
  v0=133, 
  v1=132, 
  degenerate=true 
}
